<?xml version="1.0" encoding="UTF-8"?>
<!-- Generated by org.testng.reporters.JUnitReportReporter -->
<testsuite hostname="L-CSPL-IN-35294.local" failures="0" tests="1" name="PlayWright01.seller_TOF.API.appointmentDetail" time="3.383" errors="0" timestamp="2025-05-17T17:24:45 IST" skipped="0">
  <testcase classname="PlayWright01.seller_TOF.API.appointmentDetail" name="appointmentDetailByToken" time="3.383"/>
</testsuite> <!-- PlayWright01.seller_TOF.API.appointmentDetail -->
