<?xml version="1.0" encoding="UTF-8"?>
<!-- Generated by org.testng.reporters.JUnitReportReporter -->
<testsuite hostname="L-CSPL-IN-35294.local" failures="0" tests="1" name="PlayWright01.seller_TOF.API.sellerPackage" time="8.266" errors="0" timestamp="2025-05-17T17:07:20 IST" skipped="0">
  <testcase classname="PlayWright01.seller_TOF.API.sellerPackage" name="pricePlan" time="8.266"/>
</testsuite> <!-- PlayWright01.seller_TOF.API.sellerPackage -->
