<?xml version="1.0" encoding="UTF-8"?>
<!-- Generated by org.testng.reporters.JUnitReportReporter -->
<testsuite hostname="L-CSPL-IN-35294.local" failures="0" tests="4" name="PlayWright01.seller_TOF.CreateAppointment" time="62.009" errors="0" timestamp="2025-06-02T12:43:38 IST" skipped="0">
  <testcase classname="PlayWright01.seller_TOF.CreateAppointment" name="createLead" time="27.577"/>
  <testcase classname="PlayWright01.seller_TOF.CreateAppointment" name="createAppointment" time="24.623"/>
  <testcase classname="PlayWright01.seller_TOF.CreateAppointment" name="rescheduleAppointment" time="8.193"/>
  <testcase classname="PlayWright01.seller_TOF.CreateAppointment" name="cancelAppointment" time="1.616"/>
</testsuite> <!-- PlayWright01.seller_TOF.CreateAppointment -->
