<?xml version="1.0" encoding="UTF-8"?>
<!-- Generated by org.testng.reporters.JUnitReportReporter -->
<testsuite hostname="L-CSPL-IN-35294.local" failures="0" tests="1" name="PlayWright01.seller_TOF.API.cancel" time="4.890" errors="0" timestamp="2025-05-17T17:29:07 IST" skipped="0">
  <testcase classname="PlayWright01.seller_TOF.API.cancel" name="cancelAppointment" time="4.890"/>
</testsuite> <!-- PlayWright01.seller_TOF.API.cancel -->
